# JRE version: OpenJDK Runtime Environment Temurin-17.0.9+9 (17.0.9+9) (build 17.0.9+9)
# Java VM: OpenJDK 64-Bit Server VM Temurin-17.0.9+9 (17.0.9+9, mixed mode, sharing, tiered, compressed oops, compressed class ptrs, parallel gc, windows-amd64)
GC Precious Log:
 CPUs: 20 total, 20 available
 Memory: 32509M
 Large Page Support: Disabled
 NUMA Support: Disabled
 Compressed Oops: Enabled (32-bit)
 Alignments: Space 512K, Generation 512K, Heap 2M
 Heap Min Capacity: 100M
 Heap Initial Capacity: 100M
 Heap Max Capacity: 1G
 Pre-touch: Disabled
 Parallel Workers: 15
Heap:
 PSYoungGen      total 13824K, used 13446K [0x00000000eab00000, 0x00000000ec580000, 0x0000000100000000)
  eden space 7680K, 99% used [0x00000000eab00000,0x00000000eb278640,0x00000000eb280000)
  from space 6144K, 94% used [0x00000000eb280000,0x00000000eb829210,0x00000000eb880000)
  to   space 9728K, 0% used [0x00000000ebc00000,0x00000000ebc00000,0x00000000ec580000)
 ParOldGen       total 313856K, used 271524K [0x00000000c0000000, 0x00000000d3280000, 0x00000000eab00000)
  object space 313856K, 86% used [0x00000000c0000000,0x00000000d0929250,0x00000000d3280000)
 Metaspace       used 89423K, committed 90688K, reserved 1179648K
  class space    used 8927K, committed 9472K, reserved 1048576K
GC Heap History (20 events):
Event: 1447.211 GC heap before
{Heap before GC invocations=2236 (full 45):
 PSYoungGen      total 16896K, used 16839K [0x00000000eab00000, 0x00000000ebe00000, 0x0000000100000000)
  eden space 15360K, 100% used [0x00000000eab00000,0x00000000eba00000,0x00000000eba00000)
  from space 1536K, 96% used [0x00000000eba00000,0x00000000ebb71f10,0x00000000ebb80000)
  to   space 2048K, 0% used [0x00000000ebc00000,0x00000000ebc00000,0x00000000ebe00000)
 ParOldGen       total 313856K, used 256987K [0x00000000c0000000, 0x00000000d3280000, 0x00000000eab00000)
  object space 313856K, 81% used [0x00000000c0000000,0x00000000cfaf6cc0,0x00000000d3280000)
 Metaspace       used 88494K, committed 89792K, reserved 1179648K
  class space    used 8837K, committed 9408K, reserved 1048576K
}
Event: 1447.212 GC heap after
{Heap after GC invocations=2236 (full 45):
 PSYoungGen      total 17408K, used 1570K [0x00000000eab00000, 0x00000000ebe00000, 0x0000000100000000)
  eden space 15360K, 0% used [0x00000000eab00000,0x00000000eab00000,0x00000000eba00000)
  from space 2048K, 76% used [0x00000000ebc00000,0x00000000ebd88810,0x00000000ebe00000)
  to   space 2048K, 0% used [0x00000000eba00000,0x00000000eba00000,0x00000000ebc00000)
 ParOldGen       total 313856K, used 256995K [0x00000000c0000000, 0x00000000d3280000, 0x00000000eab00000)
  object space 313856K, 81% used [0x00000000c0000000,0x00000000cfaf8cc0,0x00000000d3280000)
 Metaspace       used 88494K, committed 89792K, reserved 1179648K
  class space    used 8837K, committed 9408K, reserved 1048576K
}
Event: 1447.309 GC heap before
{Heap before GC invocations=2237 (full 45):
 PSYoungGen      total 17408K, used 16930K [0x00000000eab00000, 0x00000000ebe00000, 0x0000000100000000)
  eden space 15360K, 100% used [0x00000000eab00000,0x00000000eba00000,0x00000000eba00000)
  from space 2048K, 76% used [0x00000000ebc00000,0x00000000ebd88810,0x00000000ebe00000)
  to   space 2048K, 0% used [0x00000000eba00000,0x00000000eba00000,0x00000000ebc00000)
 ParOldGen       total 313856K, used 256995K [0x00000000c0000000, 0x00000000d3280000, 0x00000000eab00000)
  object space 313856K, 81% used [0x00000000c0000000,0x00000000cfaf8cc0,0x00000000d3280000)
 Metaspace       used 88551K, committed 89856K, reserved 1179648K
  class space    used 8837K, committed 9408K, reserved 1048576K
}
Event: 1447.309 GC heap after
{Heap after GC invocations=2237 (full 45):
 PSYoungGen      total 17408K, used 1847K [0x00000000eab00000, 0x00000000ebe00000, 0x0000000100000000)
  eden space 15360K, 0% used [0x00000000eab00000,0x00000000eab00000,0x00000000eba00000)
  from space 2048K, 90% used [0x00000000eba00000,0x00000000ebbcdf00,0x00000000ebc00000)
  to   space 2048K, 0% used [0x00000000ebc00000,0x00000000ebc00000,0x00000000ebe00000)
 ParOldGen       total 313856K, used 256995K [0x00000000c0000000, 0x00000000d3280000, 0x00000000eab00000)
  object space 313856K, 81% used [0x00000000c0000000,0x00000000cfaf8cc0,0x00000000d3280000)
 Metaspace       used 88551K, committed 89856K, reserved 1179648K
  class space    used 8837K, committed 9408K, reserved 1048576K
}
Event: 1447.752 GC heap before
{Heap before GC invocations=2238 (full 45):
 PSYoungGen      total 17408K, used 17207K [0x00000000eab00000, 0x00000000ebe00000, 0x0000000100000000)
  eden space 15360K, 100% used [0x00000000eab00000,0x00000000eba00000,0x00000000eba00000)
  from space 2048K, 90% used [0x00000000eba00000,0x00000000ebbcdf00,0x00000000ebc00000)
  to   space 2048K, 0% used [0x00000000ebc00000,0x00000000ebc00000,0x00000000ebe00000)
 ParOldGen       total 313856K, used 256995K [0x00000000c0000000, 0x00000000d3280000, 0x00000000eab00000)
  object space 313856K, 81% used [0x00000000c0000000,0x00000000cfaf8cc0,0x00000000d3280000)
 Metaspace       used 88575K, committed 89856K, reserved 1179648K
  class space    used 8838K, committed 9408K, reserved 1048576K
}
Event: 1447.753 GC heap after
{Heap after GC invocations=2238 (full 45):
 PSYoungGen      total 16384K, used 2035K [0x00000000eab00000, 0x00000000ec000000, 0x0000000100000000)
  eden space 14336K, 0% used [0x00000000eab00000,0x00000000eab00000,0x00000000eb900000)
  from space 2048K, 99% used [0x00000000ebc00000,0x00000000ebdfcd10,0x00000000ebe00000)
  to   space 3072K, 0% used [0x00000000eb900000,0x00000000eb900000,0x00000000ebc00000)
 ParOldGen       total 313856K, used 257460K [0x00000000c0000000, 0x00000000d3280000, 0x00000000eab00000)
  object space 313856K, 82% used [0x00000000c0000000,0x00000000cfb6d0c0,0x00000000d3280000)
 Metaspace       used 88575K, committed 89856K, reserved 1179648K
  class space    used 8838K, committed 9408K, reserved 1048576K
}
Event: 1448.169 GC heap before
{Heap before GC invocations=2239 (full 45):
 PSYoungGen      total 16384K, used 16371K [0x00000000eab00000, 0x00000000ec000000, 0x0000000100000000)
  eden space 14336K, 100% used [0x00000000eab00000,0x00000000eb900000,0x00000000eb900000)
  from space 2048K, 99% used [0x00000000ebc00000,0x00000000ebdfcd10,0x00000000ebe00000)
  to   space 3072K, 0% used [0x00000000eb900000,0x00000000eb900000,0x00000000ebc00000)
 ParOldGen       total 313856K, used 257460K [0x00000000c0000000, 0x00000000d3280000, 0x00000000eab00000)
  object space 313856K, 82% used [0x00000000c0000000,0x00000000cfb6d0c0,0x00000000d3280000)
 Metaspace       used 88683K, committed 89984K, reserved 1179648K
  class space    used 8853K, committed 9408K, reserved 1048576K
}
Event: 1448.171 GC heap after
{Heap after GC invocations=2239 (full 45):
 PSYoungGen      total 17408K, used 3030K [0x00000000eab00000, 0x00000000ec000000, 0x0000000100000000)
  eden space 14336K, 0% used [0x00000000eab00000,0x00000000eab00000,0x00000000eb900000)
  from space 3072K, 98% used [0x00000000eb900000,0x00000000ebbf5a10,0x00000000ebc00000)
  to   space 3584K, 0% used [0x00000000ebc80000,0x00000000ebc80000,0x00000000ec000000)
 ParOldGen       total 313856K, used 258072K [0x00000000c0000000, 0x00000000d3280000, 0x00000000eab00000)
  object space 313856K, 82% used [0x00000000c0000000,0x00000000cfc060d0,0x00000000d3280000)
 Metaspace       used 88683K, committed 89984K, reserved 1179648K
  class space    used 8853K, committed 9408K, reserved 1048576K
}
Event: 1448.305 GC heap before
{Heap before GC invocations=2240 (full 45):
 PSYoungGen      total 17408K, used 17366K [0x00000000eab00000, 0x00000000ec000000, 0x0000000100000000)
  eden space 14336K, 100% used [0x00000000eab00000,0x00000000eb900000,0x00000000eb900000)
  from space 3072K, 98% used [0x00000000eb900000,0x00000000ebbf5a10,0x00000000ebc00000)
  to   space 3584K, 0% used [0x00000000ebc80000,0x00000000ebc80000,0x00000000ec000000)
 ParOldGen       total 313856K, used 258072K [0x00000000c0000000, 0x00000000d3280000, 0x00000000eab00000)
  object space 313856K, 82% used [0x00000000c0000000,0x00000000cfc060d0,0x00000000d3280000)
 Metaspace       used 88909K, committed 90176K, reserved 1179648K
  class space    used 8881K, committed 9408K, reserved 1048576K
}
Event: 1448.307 GC heap after
{Heap after GC invocations=2240 (full 45):
 PSYoungGen      total 17408K, used 3579K [0x00000000eab00000, 0x00000000ec100000, 0x0000000100000000)
  eden space 13824K, 0% used [0x00000000eab00000,0x00000000eab00000,0x00000000eb880000)
  from space 3584K, 99% used [0x00000000ebc80000,0x00000000ebffec20,0x00000000ec000000)
  to   space 4096K, 0% used [0x00000000eb880000,0x00000000eb880000,0x00000000ebc80000)
 ParOldGen       total 313856K, used 258192K [0x00000000c0000000, 0x00000000d3280000, 0x00000000eab00000)
  object space 313856K, 82% used [0x00000000c0000000,0x00000000cfc240d0,0x00000000d3280000)
 Metaspace       used 88909K, committed 90176K, reserved 1179648K
  class space    used 8881K, committed 9408K, reserved 1048576K
}
Event: 1448.588 GC heap before
{Heap before GC invocations=2241 (full 45):
 PSYoungGen      total 17408K, used 17403K [0x00000000eab00000, 0x00000000ec100000, 0x0000000100000000)
  eden space 13824K, 100% used [0x00000000eab00000,0x00000000eb880000,0x00000000eb880000)
  from space 3584K, 99% used [0x00000000ebc80000,0x00000000ebffec20,0x00000000ec000000)
  to   space 4096K, 0% used [0x00000000eb880000,0x00000000eb880000,0x00000000ebc80000)
 ParOldGen       total 313856K, used 258192K [0x00000000c0000000, 0x00000000d3280000, 0x00000000eab00000)
  object space 313856K, 82% used [0x00000000c0000000,0x00000000cfc240d0,0x00000000d3280000)
 Metaspace       used 89018K, committed 90304K, reserved 1179648K
  class space    used 8884K, committed 9408K, reserved 1048576K
}
Event: 1448.590 GC heap after
{Heap after GC invocations=2241 (full 45):
 PSYoungGen      total 17920K, used 4079K [0x00000000eab00000, 0x00000000ec180000, 0x0000000100000000)
  eden space 13824K, 0% used [0x00000000eab00000,0x00000000eab00000,0x00000000eb880000)
  from space 4096K, 99% used [0x00000000eb880000,0x00000000ebc7be20,0x00000000ebc80000)
  to   space 4608K, 0% used [0x00000000ebd00000,0x00000000ebd00000,0x00000000ec180000)
 ParOldGen       total 313856K, used 258505K [0x00000000c0000000, 0x00000000d3280000, 0x00000000eab00000)
  object space 313856K, 82% used [0x00000000c0000000,0x00000000cfc724c0,0x00000000d3280000)
 Metaspace       used 89018K, committed 90304K, reserved 1179648K
  class space    used 8884K, committed 9408K, reserved 1048576K
}
Event: 1448.616 GC heap before
{Heap before GC invocations=2242 (full 45):
 PSYoungGen      total 17920K, used 17903K [0x00000000eab00000, 0x00000000ec180000, 0x0000000100000000)
  eden space 13824K, 100% used [0x00000000eab00000,0x00000000eb880000,0x00000000eb880000)
  from space 4096K, 99% used [0x00000000eb880000,0x00000000ebc7be20,0x00000000ebc80000)
  to   space 4608K, 0% used [0x00000000ebd00000,0x00000000ebd00000,0x00000000ec180000)
 ParOldGen       total 313856K, used 258505K [0x00000000c0000000, 0x00000000d3280000, 0x00000000eab00000)
  object space 313856K, 82% used [0x00000000c0000000,0x00000000cfc724c0,0x00000000d3280000)
 Metaspace       used 89124K, committed 90368K, reserved 1179648K
  class space    used 8891K, committed 9408K, reserved 1048576K
}
Event: 1448.617 GC heap after
{Heap after GC invocations=2242 (full 45):
 PSYoungGen      total 16896K, used 2675K [0x00000000eab00000, 0x00000000ec000000, 0x0000000100000000)
  eden space 13824K, 0% used [0x00000000eab00000,0x00000000eab00000,0x00000000eb880000)
  from space 3072K, 87% used [0x00000000ebd00000,0x00000000ebf9cd10,0x00000000ec000000)
  to   space 3584K, 0% used [0x00000000eb900000,0x00000000eb900000,0x00000000ebc80000)
 ParOldGen       total 313856K, used 259766K [0x00000000c0000000, 0x00000000d3280000, 0x00000000eab00000)
  object space 313856K, 82% used [0x00000000c0000000,0x00000000cfdada60,0x00000000d3280000)
 Metaspace       used 89124K, committed 90368K, reserved 1179648K
  class space    used 8891K, committed 9408K, reserved 1048576K
}
Event: 1450.823 GC heap before
{Heap before GC invocations=2243 (full 45):
 PSYoungGen      total 16896K, used 16499K [0x00000000eab00000, 0x00000000ec000000, 0x0000000100000000)
  eden space 13824K, 100% used [0x00000000eab00000,0x00000000eb880000,0x00000000eb880000)
  from space 3072K, 87% used [0x00000000ebd00000,0x00000000ebf9cd10,0x00000000ec000000)
  to   space 3584K, 0% used [0x00000000eb900000,0x00000000eb900000,0x00000000ebc80000)
 ParOldGen       total 313856K, used 259766K [0x00000000c0000000, 0x00000000d3280000, 0x00000000eab00000)
  object space 313856K, 82% used [0x00000000c0000000,0x00000000cfdada60,0x00000000d3280000)
 Metaspace       used 89423K, committed 90688K, reserved 1179648K
  class space    used 8927K, committed 9472K, reserved 1048576K
}
Event: 1450.826 GC heap after
{Heap after GC invocations=2243 (full 45):
 PSYoungGen      total 17408K, used 3581K [0x00000000eab00000, 0x00000000ecf80000, 0x0000000100000000)
  eden space 13824K, 0% used [0x00000000eab00000,0x00000000eab00000,0x00000000eb880000)
  from space 3584K, 99% used [0x00000000eb900000,0x00000000ebc7f7d0,0x00000000ebc80000)
  to   space 11776K, 0% used [0x00000000ec400000,0x00000000ec400000,0x00000000ecf80000)
 ParOldGen       total 313856K, used 266529K [0x00000000c0000000, 0x00000000d3280000, 0x00000000eab00000)
  object space 313856K, 84% used [0x00000000c0000000,0x00000000d0448530,0x00000000d3280000)
 Metaspace       used 89423K, committed 90688K, reserved 1179648K
  class space    used 8927K, committed 9472K, reserved 1048576K
}
Event: 1450.853 GC heap before
{Heap before GC invocations=2244 (full 45):
 PSYoungGen      total 17408K, used 16808K [0x00000000eab00000, 0x00000000ecf80000, 0x0000000100000000)
  eden space 13824K, 95% used [0x00000000eab00000,0x00000000eb7eaa38,0x00000000eb880000)
  from space 3584K, 99% used [0x00000000eb900000,0x00000000ebc7f7d0,0x00000000ebc80000)
  to   space 11776K, 0% used [0x00000000ec400000,0x00000000ec400000,0x00000000ecf80000)
 ParOldGen       total 313856K, used 266529K [0x00000000c0000000, 0x00000000d3280000, 0x00000000eab00000)
  object space 313856K, 84% used [0x00000000c0000000,0x00000000d0448530,0x00000000d3280000)
 Metaspace       used 89423K, committed 90688K, reserved 1179648K
  class space    used 8927K, committed 9472K, reserved 1048576K
}
Event: 1450.861 GC heap after
{Heap after GC invocations=2244 (full 45):
 PSYoungGen      total 19456K, used 11765K [0x00000000eab00000, 0x00000000edb80000, 0x0000000100000000)
  eden space 7680K, 0% used [0x00000000eab00000,0x00000000eab00000,0x00000000eb280000)
  from space 11776K, 99% used [0x00000000ec400000,0x00000000ecf7d5a0,0x00000000ecf80000)
  to   space 17920K, 0% used [0x00000000eb280000,0x00000000eb280000,0x00000000ec400000)
 ParOldGen       total 313856K, used 271078K [0x00000000c0000000, 0x00000000d3280000, 0x00000000eab00000)
  object space 313856K, 86% used [0x00000000c0000000,0x00000000d08b9ad0,0x00000000d3280000)
 Metaspace       used 89423K, committed 90688K, reserved 1179648K
  class space    used 8927K, committed 9472K, reserved 1048576K
}
Event: 1450.897 GC heap before
{Heap before GC invocations=2245 (full 45):
 PSYoungGen      total 19456K, used 19445K [0x00000000eab00000, 0x00000000edb80000, 0x0000000100000000)
  eden space 7680K, 100% used [0x00000000eab00000,0x00000000eb280000,0x00000000eb280000)
  from space 11776K, 99% used [0x00000000ec400000,0x00000000ecf7d5a0,0x00000000ecf80000)
  to   space 17920K, 0% used [0x00000000eb280000,0x00000000eb280000,0x00000000ec400000)
 ParOldGen       total 313856K, used 271078K [0x00000000c0000000, 0x00000000d3280000, 0x00000000eab00000)
  object space 313856K, 86% used [0x00000000c0000000,0x00000000d08b9ad0,0x00000000d3280000)
 Metaspace       used 89423K, committed 90688K, reserved 1179648K
  class space    used 8927K, committed 9472K, reserved 1048576K
}
Event: 1450.900 GC heap after
{Heap after GC invocations=2245 (full 45):
 PSYoungGen      total 13824K, used 5796K [0x00000000eab00000, 0x00000000ec580000, 0x0000000100000000)
  eden space 7680K, 0% used [0x00000000eab00000,0x00000000eab00000,0x00000000eb280000)
  from space 6144K, 94% used [0x00000000eb280000,0x00000000eb829210,0x00000000eb880000)
  to   space 9728K, 0% used [0x00000000ebc00000,0x00000000ebc00000,0x00000000ec580000)
 ParOldGen       total 313856K, used 271524K [0x00000000c0000000, 0x00000000d3280000, 0x00000000eab00000)
  object space 313856K, 86% used [0x00000000c0000000,0x00000000d0929250,0x00000000d3280000)
 Metaspace       used 89423K, committed 90688K, reserved 1179648K
  class space    used 8927K, committed 9472K, reserved 1048576K
}

